<?xml version="1.0" encoding="UTF-8"?>
<!-- Generated by org.testng.reporters.JUnitReportReporter -->
<testsuite skipped="0" hostname="M2B-D-GTD3RG2" name="TestCase.Estimatedetails" tests="1" failures="0" timestamp="18 Jul 2019 09:33:04 GMT" time="27.784" errors="0">
  <testcase name="createEstimate" time="27.784" classname="TestCase.Estimatedetails"/>
</testsuite> <!-- TestCase.Estimatedetails -->
