<?xml version="1.0" encoding="UTF-8"?>
<!-- Generated by org.testng.reporters.JUnitReportReporter -->
<testsuite skipped="0" hostname="M2B-D-GTD3RG2" name="TestCase.AVS" tests="1" failures="0" timestamp="23 Jul 2019 13:33:47 GMT" time="80.232" errors="0">
  <testcase name="createEstimate" time="80.232" classname="TestCase.AVS"/>
</testsuite> <!-- TestCase.AVS -->
