<?xml version="1.0" encoding="UTF-8"?>
<!-- Generated by org.testng.reporters.JUnitReportReporter -->
<testsuite skipped="0" hostname="M2B-D-GTD3RG2" name="TestCase.AVS" tests="1" failures="0" timestamp="19 Jul 2019 12:02:20 GMT" time="90.659" errors="0">
  <testcase name="createEstimate" time="90.659" classname="TestCase.AVS"/>
</testsuite> <!-- TestCase.AVS -->
