<?xml version="1.0" encoding="UTF-8"?>
<!-- Generated by org.testng.reporters.JUnitReportReporter -->
<testsuite skipped="0" hostname="M2B-D-GTD3RG2" name="TestCase.loadhome" tests="1" failures="0" timestamp="18 Jul 2019 07:21:01 GMT" time="27.967" errors="0">
  <testcase name="get" time="27.967" classname="TestCase.loadhome"/>
</testsuite> <!-- TestCase.loadhome -->
